app/build/intermediates/manifest_merge_blame_file/debug/processDebugMainManifest/manifest-merger-blame-debug-report.txt
1<?xml version="1.0" encoding="utf-8"?>
2<manifest xmlns:android="http://schemas.android.com/apk/res/android"
3    package="com.debug.open_clans"
4    android:versionCode="1"
5    android:versionName="1.0" >
6
7    <uses-sdk
8        android:minSdkVersion="28"
9        android:targetSdkVersion="36" />
10
11    <uses-permission android:name="android.permission.FOREGROUND_SERVICE" />
11-->src\main\AndroidManifest.xml:4:5-77
11-->src\main\AndroidManifest.xml:4:22-74
12    <uses-permission android:name="android.permission.FOREGROUND_SERVICE_MEDIA_PROJECTION" />
12-->src\main\AndroidManifest.xml:5:5-94
12-->src\main\AndroidManifest.xml:5:22-91
13
14    <permission
14-->[androidx.core:core:1.13.0] AndroidManifest.xml:22:5-24:47
15        android:name="com.debug.open_clans.DYNAMIC_RECEIVER_NOT_EXPORTED_PERMISSION"
15-->[androidx.core:core:1.13.0] AndroidManifest.xml:23:9-81
16        android:protectionLevel="signature" />
16-->[androidx.core:core:1.13.0] AndroidManifest.xml:24:9-44
17
18    <uses-permission android:name="com.debug.open_clans.DYNAMIC_RECEIVER_NOT_EXPORTED_PERMISSION" /> <!-- Although the *SdkVersion is captured in gradle build files, this is required for non gradle builds -->
18-->[androidx.core:core:1.13.0] AndroidManifest.xml:26:5-97
18-->[androidx.core:core:1.13.0] AndroidManifest.xml:26:22-94
19    <!-- <uses-sdk android:minSdkVersion="14"/> -->
20    <uses-permission android:name="android.permission.ACCESS_NETWORK_STATE" />
20-->[com.google.android.datatransport:transport-backend-cct:2.3.3] AndroidManifest.xml:25:5-79
20-->[com.google.android.datatransport:transport-backend-cct:2.3.3] AndroidManifest.xml:25:22-76
21    <uses-permission android:name="android.permission.INTERNET" />
21-->[com.google.android.datatransport:transport-backend-cct:2.3.3] AndroidManifest.xml:26:5-67
21-->[com.google.android.datatransport:transport-backend-cct:2.3.3] AndroidManifest.xml:26:22-64
22
23    <application
23-->src\main\AndroidManifest.xml:7:5-44:19
24        android:allowBackup="true"
24-->src\main\AndroidManifest.xml:8:9-35
25        android:appComponentFactory="androidx.core.app.CoreComponentFactory"
25-->[androidx.core:core:1.13.0] AndroidManifest.xml:28:18-86
26        android:dataExtractionRules="@xml/data_extraction_rules"
26-->src\main\AndroidManifest.xml:9:9-65
27        android:debuggable="true"
28        android:extractNativeLibs="false"
29        android:fullBackupContent="@xml/backup_rules"
29-->src\main\AndroidManifest.xml:10:9-54
30        android:icon="@mipmap/ic_launcher"
30-->src\main\AndroidManifest.xml:11:9-43
31        android:label="@string/app_name"
31-->src\main\AndroidManifest.xml:12:9-41
32        android:roundIcon="@mipmap/ic_launcher_round"
32-->src\main\AndroidManifest.xml:13:9-54
33        android:supportsRtl="true"
33-->src\main\AndroidManifest.xml:14:9-35
34        android:testOnly="true"
35        android:theme="@style/Theme.Open_Clans" >
35-->src\main\AndroidManifest.xml:15:9-48
36        <activity
36-->src\main\AndroidManifest.xml:16:9-24:20
37            android:name="com.debug.open_clans.MainActivity"
37-->src\main\AndroidManifest.xml:17:13-41
38            android:exported="true" >
38-->src\main\AndroidManifest.xml:18:13-36
39            <intent-filter>
39-->src\main\AndroidManifest.xml:19:13-23:29
40                <action android:name="android.intent.action.MAIN" />
40-->src\main\AndroidManifest.xml:20:17-69
40-->src\main\AndroidManifest.xml:20:25-66
41
42                <category android:name="android.intent.category.LAUNCHER" />
42-->src\main\AndroidManifest.xml:22:17-77
42-->src\main\AndroidManifest.xml:22:27-74
43            </intent-filter>
44        </activity>
45
46        <service
46-->src\main\AndroidManifest.xml:26:9-29:19
47            android:name="com.debug.open_clans.MyMediaProjectionService"
47-->src\main\AndroidManifest.xml:27:13-53
48            android:foregroundServiceType="mediaProjection" >
48-->src\main\AndroidManifest.xml:28:13-60
49        </service>
50        <service
50-->src\main\AndroidManifest.xml:30:9-41:19
51            android:name="com.debug.open_clans.TouchService"
51-->src\main\AndroidManifest.xml:31:13-41
52            android:exported="false"
52-->src\main\AndroidManifest.xml:33:13-37
53            android:label="Touch Service"
53-->src\main\AndroidManifest.xml:34:13-42
54            android:permission="android.permission.BIND_ACCESSIBILITY_SERVICE" >
54-->src\main\AndroidManifest.xml:32:13-79
55            <intent-filter>
55-->src\main\AndroidManifest.xml:35:13-37:29
56                <action android:name="android.accessibilityservice.AccessibilityService" />
56-->src\main\AndroidManifest.xml:36:17-92
56-->src\main\AndroidManifest.xml:36:25-89
57            </intent-filter>
58
59            <meta-data
59-->src\main\AndroidManifest.xml:38:13-40:72
60                android:name="android.accessibilityservice"
60-->src\main\AndroidManifest.xml:39:17-60
61                android:resource="@xml/accessibility_service_config" />
61-->src\main\AndroidManifest.xml:40:17-69
62        </service>
63        <service
63-->[com.google.android.gms:play-services-mlkit-text-recognition-common:19.0.0] AndroidManifest.xml:9:9-15:19
64            android:name="com.google.mlkit.common.internal.MlKitComponentDiscoveryService"
64-->[com.google.android.gms:play-services-mlkit-text-recognition-common:19.0.0] AndroidManifest.xml:10:13-91
65            android:directBootAware="true"
65-->[com.google.mlkit:common:18.8.0] AndroidManifest.xml:17:13-43
66            android:exported="false" >
66-->[com.google.android.gms:play-services-mlkit-text-recognition-common:19.0.0] AndroidManifest.xml:11:13-37
67            <meta-data
67-->[com.google.android.gms:play-services-mlkit-text-recognition-common:19.0.0] AndroidManifest.xml:12:13-14:85
68                android:name="com.google.firebase.components:com.google.mlkit.vision.text.internal.TextRegistrar"
68-->[com.google.android.gms:play-services-mlkit-text-recognition-common:19.0.0] AndroidManifest.xml:13:17-114
69                android:value="com.google.firebase.components.ComponentRegistrar" />
69-->[com.google.android.gms:play-services-mlkit-text-recognition-common:19.0.0] AndroidManifest.xml:14:17-82
70            <meta-data
70-->[com.google.mlkit:vision-common:17.3.0] AndroidManifest.xml:12:13-14:85
71                android:name="com.google.firebase.components:com.google.mlkit.vision.common.internal.VisionCommonRegistrar"
71-->[com.google.mlkit:vision-common:17.3.0] AndroidManifest.xml:13:17-124
72                android:value="com.google.firebase.components.ComponentRegistrar" />
72-->[com.google.mlkit:vision-common:17.3.0] AndroidManifest.xml:14:17-82
73            <meta-data
73-->[com.google.mlkit:common:18.8.0] AndroidManifest.xml:20:13-22:85
74                android:name="com.google.firebase.components:com.google.mlkit.common.internal.CommonComponentRegistrar"
74-->[com.google.mlkit:common:18.8.0] AndroidManifest.xml:21:17-120
75                android:value="com.google.firebase.components.ComponentRegistrar" />
75-->[com.google.mlkit:common:18.8.0] AndroidManifest.xml:22:17-82
76        </service>
77
78        <provider
78-->[com.google.mlkit:common:18.8.0] AndroidManifest.xml:9:9-13:38
79            android:name="com.google.mlkit.common.internal.MlKitInitProvider"
79-->[com.google.mlkit:common:18.8.0] AndroidManifest.xml:10:13-78
80            android:authorities="com.debug.open_clans.mlkitinitprovider"
80-->[com.google.mlkit:common:18.8.0] AndroidManifest.xml:11:13-69
81            android:exported="false"
81-->[com.google.mlkit:common:18.8.0] AndroidManifest.xml:12:13-37
82            android:initOrder="99" />
82-->[com.google.mlkit:common:18.8.0] AndroidManifest.xml:13:13-35
83
84        <activity
84-->[com.google.android.gms:play-services-base:18.1.0] AndroidManifest.xml:20:9-22:45
85            android:name="com.google.android.gms.common.api.GoogleApiActivity"
85-->[com.google.android.gms:play-services-base:18.1.0] AndroidManifest.xml:20:19-85
86            android:exported="false"
86-->[com.google.android.gms:play-services-base:18.1.0] AndroidManifest.xml:22:19-43
87            android:theme="@android:style/Theme.Translucent.NoTitleBar" />
87-->[com.google.android.gms:play-services-base:18.1.0] AndroidManifest.xml:21:19-78
88
89        <meta-data
89-->[com.google.android.gms:play-services-basement:18.1.0] AndroidManifest.xml:21:9-23:69
90            android:name="com.google.android.gms.version"
90-->[com.google.android.gms:play-services-basement:18.1.0] AndroidManifest.xml:22:13-58
91            android:value="@integer/google_play_services_version" />
91-->[com.google.android.gms:play-services-basement:18.1.0] AndroidManifest.xml:23:13-66
92
93        <provider
93-->[androidx.emoji2:emoji2:1.3.0] AndroidManifest.xml:24:9-32:20
94            android:name="androidx.startup.InitializationProvider"
94-->[androidx.emoji2:emoji2:1.3.0] AndroidManifest.xml:25:13-67
95            android:authorities="com.debug.open_clans.androidx-startup"
95-->[androidx.emoji2:emoji2:1.3.0] AndroidManifest.xml:26:13-68
96            android:exported="false" >
96-->[androidx.emoji2:emoji2:1.3.0] AndroidManifest.xml:27:13-37
97            <meta-data
97-->[androidx.emoji2:emoji2:1.3.0] AndroidManifest.xml:29:13-31:52
98                android:name="androidx.emoji2.text.EmojiCompatInitializer"
98-->[androidx.emoji2:emoji2:1.3.0] AndroidManifest.xml:30:17-75
99                android:value="androidx.startup" />
99-->[androidx.emoji2:emoji2:1.3.0] AndroidManifest.xml:31:17-49
100            <meta-data
100-->[androidx.lifecycle:lifecycle-process:2.6.2] AndroidManifest.xml:29:13-31:52
101                android:name="androidx.lifecycle.ProcessLifecycleInitializer"
101-->[androidx.lifecycle:lifecycle-process:2.6.2] AndroidManifest.xml:30:17-78
102                android:value="androidx.startup" />
102-->[androidx.lifecycle:lifecycle-process:2.6.2] AndroidManifest.xml:31:17-49
103            <meta-data
103-->[androidx.profileinstaller:profileinstaller:1.4.0] AndroidManifest.xml:29:13-31:52
104                android:name="androidx.profileinstaller.ProfileInstallerInitializer"
104-->[androidx.profileinstaller:profileinstaller:1.4.0] AndroidManifest.xml:30:17-85
105                android:value="androidx.startup" />
105-->[androidx.profileinstaller:profileinstaller:1.4.0] AndroidManifest.xml:31:17-49
106        </provider>
107
108        <receiver
108-->[androidx.profileinstaller:profileinstaller:1.4.0] AndroidManifest.xml:34:9-52:20
109            android:name="androidx.profileinstaller.ProfileInstallReceiver"
109-->[androidx.profileinstaller:profileinstaller:1.4.0] AndroidManifest.xml:35:13-76
110            android:directBootAware="false"
110-->[androidx.profileinstaller:profileinstaller:1.4.0] AndroidManifest.xml:36:13-44
111            android:enabled="true"
111-->[androidx.profileinstaller:profileinstaller:1.4.0] AndroidManifest.xml:37:13-35
112            android:exported="true"
112-->[androidx.profileinstaller:profileinstaller:1.4.0] AndroidManifest.xml:38:13-36
113            android:permission="android.permission.DUMP" >
113-->[androidx.profileinstaller:profileinstaller:1.4.0] AndroidManifest.xml:39:13-57
114            <intent-filter>
114-->[androidx.profileinstaller:profileinstaller:1.4.0] AndroidManifest.xml:40:13-42:29
115                <action android:name="androidx.profileinstaller.action.INSTALL_PROFILE" />
115-->[androidx.profileinstaller:profileinstaller:1.4.0] AndroidManifest.xml:41:17-91
115-->[androidx.profileinstaller:profileinstaller:1.4.0] AndroidManifest.xml:41:25-88
116            </intent-filter>
117            <intent-filter>
117-->[androidx.profileinstaller:profileinstaller:1.4.0] AndroidManifest.xml:43:13-45:29
118                <action android:name="androidx.profileinstaller.action.SKIP_FILE" />
118-->[androidx.profileinstaller:profileinstaller:1.4.0] AndroidManifest.xml:44:17-85
118-->[androidx.profileinstaller:profileinstaller:1.4.0] AndroidManifest.xml:44:25-82
119            </intent-filter>
120            <intent-filter>
120-->[androidx.profileinstaller:profileinstaller:1.4.0] AndroidManifest.xml:46:13-48:29
121                <action android:name="androidx.profileinstaller.action.SAVE_PROFILE" />
121-->[androidx.profileinstaller:profileinstaller:1.4.0] AndroidManifest.xml:47:17-88
121-->[androidx.profileinstaller:profileinstaller:1.4.0] AndroidManifest.xml:47:25-85
122            </intent-filter>
123            <intent-filter>
123-->[androidx.profileinstaller:profileinstaller:1.4.0] AndroidManifest.xml:49:13-51:29
124                <action android:name="androidx.profileinstaller.action.BENCHMARK_OPERATION" />
124-->[androidx.profileinstaller:profileinstaller:1.4.0] AndroidManifest.xml:50:17-95
124-->[androidx.profileinstaller:profileinstaller:1.4.0] AndroidManifest.xml:50:25-92
125            </intent-filter>
126        </receiver>
127
128        <service
128-->[com.google.android.datatransport:transport-backend-cct:2.3.3] AndroidManifest.xml:29:9-35:19
129            android:name="com.google.android.datatransport.runtime.backends.TransportBackendDiscovery"
129-->[com.google.android.datatransport:transport-backend-cct:2.3.3] AndroidManifest.xml:30:13-103
130            android:exported="false" >
130-->[com.google.android.datatransport:transport-backend-cct:2.3.3] AndroidManifest.xml:31:13-37
131            <meta-data
131-->[com.google.android.datatransport:transport-backend-cct:2.3.3] AndroidManifest.xml:32:13-34:39
132                android:name="backend:com.google.android.datatransport.cct.CctBackendFactory"
132-->[com.google.android.datatransport:transport-backend-cct:2.3.3] AndroidManifest.xml:33:17-94
133                android:value="cct" />
133-->[com.google.android.datatransport:transport-backend-cct:2.3.3] AndroidManifest.xml:34:17-36
134        </service>
135        <service
135-->[com.google.android.datatransport:transport-runtime:2.2.6] AndroidManifest.xml:26:9-30:19
136            android:name="com.google.android.datatransport.runtime.scheduling.jobscheduling.JobInfoSchedulerService"
136-->[com.google.android.datatransport:transport-runtime:2.2.6] AndroidManifest.xml:27:13-117
137            android:exported="false"
137-->[com.google.android.datatransport:transport-runtime:2.2.6] AndroidManifest.xml:28:13-37
138            android:permission="android.permission.BIND_JOB_SERVICE" >
138-->[com.google.android.datatransport:transport-runtime:2.2.6] AndroidManifest.xml:29:13-69
139        </service>
140
141        <receiver
141-->[com.google.android.datatransport:transport-runtime:2.2.6] AndroidManifest.xml:32:9-34:40
142            android:name="com.google.android.datatransport.runtime.scheduling.jobscheduling.AlarmManagerSchedulerBroadcastReceiver"
142-->[com.google.android.datatransport:transport-runtime:2.2.6] AndroidManifest.xml:33:13-132
143            android:exported="false" />
143-->[com.google.android.datatransport:transport-runtime:2.2.6] AndroidManifest.xml:34:13-37
144    </application>
145
146</manifest>